<?xml version="1.0" encoding="UTF-8"?>
<testsuite xmlns:xsi="http://www.w3.org/2001/XMLSchema-instance" xsi:noNamespaceSchemaLocation="https://maven.apache.org/surefire/maven-surefire-plugin/xsd/surefire-test-report-3.0.xsd" version="3.0" name="com.example.translation.TranslationServerTest" time="0.299" tests="6" errors="0" skipped="0" failures="0">
  <properties>
[...]
</properties>
  <testcase name="extractTranslationThrowsWhenMissingChoices" classname="com.example.translation.TranslationServerTest" time="0.171"/>
  <testcase name="textValueHandlesMissingNullAndNonText" classname="com.example.translation.TranslationServerTest" time="0.027"/>
  <testcase name="buildUserPromptAddsSourceLanguageAndInstructions" classname="com.example.translation.TranslationServerTest" time="0.002"/>
  <testcase name="extractTranslationReturnsTrimmedContent" classname="com.example.translation.TranslationServerTest" time="0.0"/>
  <testcase name="jsonErrorWrapsMessage" classname="com.example.translation.TranslationServerTest" time="0.001"/>
  <testcase name="buildUserPromptFallsBackWhenSourceUnknown" classname="com.example.translation.TranslationServerTest" time="0.0"/>
</testsuite>